<?xml version="1.0" encoding="UTF-8"?>
<!-- Generated by org.testng.reporters.JUnitXMLReporter -->
<testsuite ignored="1" hostname="dadrd004760tmd" failures="0" tests="3" name="Test" time="48.722" errors="0" timestamp="02 Apr 2022 16:37:14 GMT">
  <testcase classname="testng.ClassTest" name="CreditCardTest" time="0.004"/>
  <testcase classname="testng.LoanTest" name="HomeLoanTest" time="0.001"/>
  <testcase classname="testng.LoginTest" name="LoginTestcase1" time="18.373"/>
  <testcase classname="testng.LoanTest" name="CarLoanTest" time="0.0">
    <ignored/>
  </testcase> <!-- CarLoanTest -->
</testsuite> <!-- Test -->
