<?xml version="1.0" encoding="UTF-8"?>
<!-- Generated by org.testng.reporters.JUnitXMLReporter -->
<testsuite hostname="dadrd004760tmd" ignored="1" name="Test" tests="3" failures="0" timestamp="02 Apr 2022 16:56:31 GMT" time="51.297" errors="0">
  <testcase name="CreditCardTest" time="0.0" classname="testng.ClassTest"/>
  <testcase name="HomeLoanTest" time="0.0" classname="testng.LoanTest"/>
  <testcase name="LoginTestcase1" time="17.608" classname="testng.LoginTest"/>
  <testcase name="CarLoanTest" time="0.0" classname="testng.LoanTest">
    <ignored/>
  </testcase> <!-- CarLoanTest -->
</testsuite> <!-- Test -->
