<?xml version="1.0" encoding="UTF-8"?>
<testng-results ignored="1" total="4" passed="3" failed="0" skipped="0">
  <reporter-output>
  </reporter-output>
  <suite started-at="2022-04-02T16:36:25Z" name="Suite" finished-at="2022-04-02T16:37:14Z" duration-ms="48722">
    <groups>
      <group name="Sanity">
        <method signature="ClassTest.CreditCardTest()[pri:0, instance:testng.ClassTest@55cf0d14]" name="CreditCardTest" class="testng.ClassTest"/>
        <method signature="LoanTest.HomeLoanTest()[pri:0, instance:testng.LoanTest@7ef27d7f]" name="HomeLoanTest" class="testng.LoanTest"/>
        <method signature="LoginTest.LoginTestcase1(java.lang.String, java.lang.String)[pri:0, instance:testng.LoginTest@3b74ac8]" name="LoginTestcase1" class="testng.LoginTest"/>
      </group> <!-- Sanity -->
    </groups>
    <test started-at="2022-04-02T16:36:25Z" name="Test" finished-at="2022-04-02T16:37:14Z" duration-ms="48722">
      <class name="testng.ClassTest">
        <test-method signature="CreditCardTest()[pri:0, instance:testng.ClassTest@55cf0d14]" started-at="2022-04-02T16:36:25Z" name="CreditCardTest" finished-at="2022-04-02T16:36:25Z" duration-ms="4" status="PASS">
          <reporter-output>
          </reporter-output>
        </test-method> <!-- CreditCardTest -->
      </class> <!-- testng.ClassTest -->
      <class name="testng.LoginTest">
        <test-method is-config="true" signature="Setup()[pri:0, instance:testng.LoginTest@3b74ac8]" started-at="2022-04-02T16:36:25Z" name="Setup" finished-at="2022-04-02T16:36:55Z" duration-ms="30234" status="PASS">
          <reporter-output>
          </reporter-output>
        </test-method> <!-- Setup -->
        <test-method signature="LoginTestcase1(java.lang.String, java.lang.String)[pri:0, instance:testng.LoginTest@3b74ac8]" started-at="2022-04-02T16:36:55Z" name="LoginTestcase1" finished-at="2022-04-02T16:37:14Z" duration-ms="18373" status="PASS">
          <params>
            <param index="0">
              <value>
                <![CDATA[abc@xyz.com]]>
              </value>
            </param>
            <param index="1">
              <value>
                <![CDATA[Pqr@xyz123]]>
              </value>
            </param>
          </params>
          <reporter-output>
          </reporter-output>
        </test-method> <!-- LoginTestcase1 -->
        <test-method is-config="true" signature="TearDown()[pri:0, instance:testng.LoginTest@3b74ac8]" started-at="2022-04-02T16:37:14Z" name="TearDown" finished-at="2022-04-02T16:37:14Z" duration-ms="83" status="PASS">
          <reporter-output>
          </reporter-output>
        </test-method> <!-- TearDown -->
      </class> <!-- testng.LoginTest -->
      <class name="testng.LoanTest">
        <test-method is-config="true" signature="method3()[pri:0, instance:testng.LoanTest@7ef27d7f]" started-at="2022-04-02T16:36:25Z" name="method3" finished-at="2022-04-02T16:36:25Z" duration-ms="7" status="PASS">
          <reporter-output>
          </reporter-output>
        </test-method> <!-- method3 -->
        <test-method is-config="true" signature="method1()[pri:0, instance:testng.LoanTest@7ef27d7f]" started-at="2022-04-02T16:36:25Z" name="method1" finished-at="2022-04-02T16:36:25Z" duration-ms="0" status="PASS">
          <reporter-output>
          </reporter-output>
        </test-method> <!-- method1 -->
        <test-method signature="HomeLoanTest()[pri:0, instance:testng.LoanTest@7ef27d7f]" started-at="2022-04-02T16:36:25Z" name="HomeLoanTest" description="this test is for Home loan" finished-at="2022-04-02T16:36:25Z" duration-ms="1" status="PASS">
          <reporter-output>
          </reporter-output>
        </test-method> <!-- HomeLoanTest -->
        <test-method is-config="true" signature="method2()[pri:0, instance:testng.LoanTest@7ef27d7f]" started-at="2022-04-02T16:36:25Z" name="method2" finished-at="2022-04-02T16:36:25Z" duration-ms="0" status="PASS">
          <reporter-output>
          </reporter-output>
        </test-method> <!-- method2 -->
        <test-method is-config="true" signature="method4()[pri:0, instance:testng.LoanTest@7ef27d7f]" started-at="2022-04-02T16:37:14Z" name="method4" finished-at="2022-04-02T16:37:14Z" duration-ms="0" status="PASS">
          <reporter-output>
          </reporter-output>
        </test-method> <!-- method4 -->
      </class> <!-- testng.LoanTest -->
    </test> <!-- Test -->
  </suite> <!-- Suite -->
</testng-results>
